c:\users\minsu\onedrive\바탕 화면\방학 공부\study\study20\x64\debug\vc143.pdb
c:\users\minsu\onedrive\바탕 화면\방학 공부\study\study20\x64\debug\vc143.idb
c:\users\minsu\onedrive\바탕 화면\방학 공부\study\study20\x64\debug\문자의 연산.obj
c:\users\minsu\onedrive\바탕 화면\방학 공부\study\x64\debug\study20.exe
c:\users\minsu\onedrive\바탕 화면\방학 공부\study\study20\x64\debug\study20.ilk
c:\users\minsu\onedrive\바탕 화면\방학 공부\study\x64\debug\study20.pdb
c:\users\minsu\onedrive\문서\github\c_study\study\study20\x64\debug\fflush을 이용하여 문자 입력 문제점을 해결하기.obj
c:\users\minsu\onedrive\문서\github\c_study\study\study20\x64\debug\문자의 연산.obj
c:\users\minsu\onedrive\문서\github\c_study\study\study20\x64\debug\study20.ilk
c:\users\minsu\onedrive\문서\github\c_study\study\study20\x64\debug\vc143.idb
c:\users\minsu\onedrive\문서\github\c_study\study\study20\x64\debug\vc143.pdb
c:\users\minsu\onedrive\문서\github\c_study\study\x64\debug\study20.pdb
c:\users\minsu\onedrive\문서\github\c_study\study\x64\debug\study20.exe
c:\users\minsu\onedrive\문서\github\c_study\study\study20\x64\debug\study20.tlog\cl.command.1.tlog
c:\users\minsu\onedrive\문서\github\c_study\study\study20\x64\debug\study20.tlog\cl.items.tlog
c:\users\minsu\onedrive\문서\github\c_study\study\study20\x64\debug\study20.tlog\cl.read.1.tlog
c:\users\minsu\onedrive\문서\github\c_study\study\study20\x64\debug\study20.tlog\cl.write.1.tlog
c:\users\minsu\onedrive\문서\github\c_study\study\study20\x64\debug\study20.tlog\link.command.1.tlog
c:\users\minsu\onedrive\문서\github\c_study\study\study20\x64\debug\study20.tlog\link.read.1.tlog
c:\users\minsu\onedrive\문서\github\c_study\study\study20\x64\debug\study20.tlog\link.write.1.tlog
