c:\users\minsu\onedrive\바탕 화면\방학 공부\study\study17\x64\debug\vc143.pdb
c:\users\minsu\onedrive\바탕 화면\방학 공부\study\study17\x64\debug\vc143.idb
c:\users\minsu\onedrive\바탕 화면\방학 공부\study\study17\x64\debug\사용자의 성별 나이 키를 입력받은 후 결과 출력하기.obj
c:\users\minsu\onedrive\바탕 화면\방학 공부\study\x64\debug\study17.exe
c:\users\minsu\onedrive\바탕 화면\방학 공부\study\study17\x64\debug\study17.ilk
c:\users\minsu\onedrive\바탕 화면\방학 공부\study\x64\debug\study17.pdb
c:\users\minsu\onedrive\문서\github\c_study\study\study17\x64\debug\사용자의 성별 나이 키를 입력받은 후 결과 출력하기.obj
c:\users\minsu\onedrive\문서\github\c_study\study\study17\x64\debug\사용자의 성별 나이 키를 입력받은 후 결과 출력하기.obj.enc
c:\users\minsu\onedrive\문서\github\c_study\study\study17\x64\debug\study17.ilk
c:\users\minsu\onedrive\문서\github\c_study\study\study17\x64\debug\vc143.idb
c:\users\minsu\onedrive\문서\github\c_study\study\study17\x64\debug\vc143.pdb
c:\users\minsu\onedrive\문서\github\c_study\study\x64\debug\study17.pdb
c:\users\minsu\onedrive\문서\github\c_study\study\x64\debug\study17.exe
c:\users\minsu\onedrive\문서\github\c_study\study\study17\x64\debug\study17.tlog\cl.command.1.tlog
c:\users\minsu\onedrive\문서\github\c_study\study\study17\x64\debug\study17.tlog\cl.items.tlog
c:\users\minsu\onedrive\문서\github\c_study\study\study17\x64\debug\study17.tlog\cl.read.1.tlog
c:\users\minsu\onedrive\문서\github\c_study\study\study17\x64\debug\study17.tlog\cl.write.1.tlog
c:\users\minsu\onedrive\문서\github\c_study\study\study17\x64\debug\study17.tlog\link.command.1.tlog
c:\users\minsu\onedrive\문서\github\c_study\study\study17\x64\debug\study17.tlog\link.read.1.tlog
c:\users\minsu\onedrive\문서\github\c_study\study\study17\x64\debug\study17.tlog\link.write.1.tlog
